2025-05-09 11:58:54,041 - INFO - Initialized ModifiedKANExperiment with timestamp 20250509_115854
2025-05-09 11:58:54,042 - INFO - KAN hyperparameters: width=[3, 8, 1], grid=7, k=3
2025-05-09 11:58:54,042 - INFO - Starting KAN experiment
2025-05-09 11:58:54,061 - INFO - Generated data with parameters: m=1.0, c=0.1, k=5.0
2025-05-09 11:58:54,061 - INFO - Data shapes: t=(501,), x=(501,), v=(501,), a=(501,), f=(501,)
2025-05-09 11:58:54,061 - INFO - Data ranges: x=[0.222, 1.000], v=[-0.299, 0.128], a=[-16.128, 16.142], f=[-15.005, 19.955]
2025-05-09 11:58:54,115 - INFO - Using device: cuda
2025-05-09 11:58:54,117 - INFO - Standard deviations: x_std=0.2206, v_std=0.1237, a_std=11.9054, f_std=11.9456
2025-05-09 11:58:54,121 - INFO - Linear regression check: params=[1.  0.1 5. ], R²=1.0000
2025-05-09 11:58:54,123 - INFO - Condition number: 101.04
2025-05-09 11:58:54,124 - INFO - Term contributions: m*a=91.43%, c*v=0.10%, k*x=8.47%
2025-05-09 11:58:54,124 - WARNING - Damping term contributes <10% to force. Damping coefficient estimation may be difficult.
2025-05-09 11:58:54,124 - WARNING - Stiffness term contributes <10% to force. Stiffness estimation may be difficult.
2025-05-09 11:58:54,313 - INFO - Initializing KAN model
2025-05-09 11:58:54,352 - INFO - Training KAN model with LBFGS optimizer
2025-05-09 11:59:43,436 - WARNING - Training history has unexpected format
2025-05-09 11:59:43,438 - WARNING - Unexpected history format: <class 'dict'>
2025-05-09 11:59:43,695 - INFO - Extracted symbolic formula: ([0.106380937912446*x_1 + 0.00898416231086947*x_2 + 0.933654463382752*x_3 - 0.00810717406248848], [x_1, x_2, x_3])
2025-05-09 11:59:43,701 - INFO - Starting improved parameter extraction
2025-05-09 11:59:43,707 - INFO - Symbolic formula: ([0.106380937912446*x_1 + 0.00898416231086947*x_2 + 0.933654463382752*x_3 - 0.00810717406248848], [x_1, x_2, x_3])
2025-05-09 11:59:43,708 - INFO - Successfully extracted parameters from formula: [0.93365446 0.00898416 0.10638094]
2025-05-09 11:59:43,710 - INFO - Linear regression parameters: [1.  0.1 5. ] (R²=1.0000)
2025-05-09 11:59:43,725 - INFO - KAN probing parameters: [0.93680368 0.86744181 5.76073294]
2025-05-09 11:59:43,741 - INFO - Differentiation parameters: [0.9336625  0.00898862 0.10638265]
2025-05-09 11:59:43,742 - INFO - Using symbolic parameters with high weight
2025-05-09 11:59:43,742 - INFO - Final weighted parameters: [0.95387305 0.12213468 2.13990186] with confidence 0.90
2025-05-09 11:59:43,742 - INFO - Estimated parameters: [0.95387305 0.12213468 2.13990186] with confidence 0.90
2025-05-09 11:59:43,751 - INFO - Parameter errors: [ 4.61269537 22.13467884 57.20196287]
2025-05-09 11:59:43,751 - INFO - RMSE: 0.763483
2025-05-09 11:59:49,906 - INFO - Model visualization saved to results/kan_modified/20250509_115854/figures/model/kan_structure_20250509_115854.png
2025-05-09 11:59:52,603 - INFO - Results saved to results/kan_modified/20250509_115854/data/experiment_20250509_115854.json and results/kan_modified/20250509_115854/data/time_series_20250509_115854.npz
2025-05-09 11:59:52,604 - INFO - KAN experiment completed successfully
