
===============================
    Final Summary Report     
===============================
Method: KAN

System Characteristics:
---------------------
Natural Frequency: 0.50 Hz
Damping Ratio: 0.032

Configuration:
-------------
{
  "m": 0.5,
  "c": 0.1,
  "k": 5.0,
  "force_type": "sine",
  "amplitude": 1.0,
  "freq": 1.0,
  "random_seed": 42,
  "x0": 0.0,
  "v0": 0.0,
  "t_max": 10.0,
  "dt": 0.02,
  "noise_std": 0.05
}

Parameters:
----------
True parameters:      [0.500, 0.100, 5.000]
Estimated parameters: [0.370, 0.096, 13.683]
Parameter errors (%): [26.07, 3.56, 173.66]
Force prediction RMSE: 0.002579

Optimization Information:
----------------------
===============================