
===============================
    Final Summary Report     
===============================
Method: PINN

System Characteristics:
---------------------
Natural Frequency: 1.13 Hz
Damping Ratio: 0.007

Configuration:
-------------
{
  "m": 1.0,
  "c": 0.1,
  "k": 50.0,
  "force_type": "sine",
  "amplitude": 1.0,
  "freq": 1.0,
  "random_seed": 42,
  "x0": 0.0,
  "v0": 0.0,
  "t_max": 10.0,
  "dt": 0.02,
  "noise_std": 0.05
}

Parameters:
----------
True parameters:      [1.000, 0.100, 50.000]
Estimated parameters: [0.994, 0.091, 19.588]
Parameter errors (%): [0.55, 8.93, 60.82]
Force prediction RMSE: 0.036547

Optimization Information:
----------------------
Optimization Success: True
Message: PINN parameter estimation completed successfully
===============================