
===============================
    Final Summary Report     
===============================
Method: KAN

System Characteristics:
---------------------
Natural Frequency: 0.08 Hz
Damping Ratio: 0.005

Configuration:
-------------
{
  "m": 20.0,
  "c": 0.1,
  "k": 5.0,
  "force_type": "sine",
  "amplitude": 1.0,
  "freq": 1.0,
  "random_seed": 42,
  "x0": 0.0,
  "v0": 0.0,
  "t_max": 10.0,
  "dt": 0.02,
  "noise_std": 0.05
}

Parameters:
----------
True parameters:      [20.000, 0.100, 5.000]
Estimated parameters: [0.132, 0.039, 5.000]
Parameter errors (%): [99.34, 60.63, 0.00]
Force prediction RMSE: 0.003998

Optimization Information:
----------------------
===============================