
===============================
    Final Summary Report     
===============================
Method: KAN

System Characteristics:
---------------------
Natural Frequency: 0.36 Hz
Damping Ratio: 0.011

Configuration:
-------------
{
  "m": 1.0,
  "c": 0.05,
  "k": 5.0,
  "force_type": "sine",
  "amplitude": 1.0,
  "freq": 1.0,
  "random_seed": 42,
  "x0": 1.0,
  "v0": 0.0,
  "t_max": 10.0,
  "dt": 0.02,
  "noise_std": 0.05
}

Parameters:
----------
True parameters:      [1.000, 0.050, 5.000]
Estimated parameters: [0.669, 0.050, 10.596]
Parameter errors (%): [33.09, 0.00, 111.92]
Force prediction RMSE: 6.716425

Optimization Information:
----------------------
===============================