
===============================
    Final Summary Report     
===============================
Method: KAN

System Characteristics:
---------------------
Natural Frequency: 0.36 Hz
Damping Ratio: 0.011

Configuration:
-------------
{
  "m": 1.0,
  "c": 0.05,
  "k": 5.0,
  "force_type": "sine",
  "amplitude": 1.0,
  "freq": 1.0,
  "random_seed": 42,
  "x0": 1.0,
  "v0": 0.0,
  "t_max": 10.0,
  "dt": 0.02,
  "noise_std": 0.05
}

Parameters:
----------
True parameters:      [1.000, 0.050, 5.000]
Estimated parameters: [0.010, 0.050, 0.531]
Parameter errors (%): [99.00, 0.00, 89.37]
Force prediction RMSE: 8.362331

Optimization Information:
----------------------
===============================