
===============================
    Final Summary Report     
===============================
Method: MLP

System Characteristics:
---------------------
Natural Frequency: 0.16 Hz
Damping Ratio: 0.500

Configuration:
-------------
{
  "m": 1.0,
  "c": 1.0,
  "k": 1.0,
  "force_type": "sine",
  "amplitude": 1.0,
  "freq": 1.0,
  "random_seed": 42,
  "x0": 0.0,
  "v0": 0.0,
  "t_max": 10.0,
  "dt": 0.02,
  "noise_std": 0.05
}

Parameters:
----------
True parameters:      [1.000, 1.000, 1.000]
Estimated parameters: [0.059, 0.000, 0.000]
Parameter errors (%): [94.05, 100.00, 100.00]
Force prediction RMSE: 0.072740

Optimization Information:
----------------------
Optimization Success: True
Message: MLP training and SINDy parameter estimation completed
===============================