
===============================
    Final Summary Report     
===============================
Method: KAN

System Characteristics:
---------------------
Natural Frequency: 0.36 Hz
Damping Ratio: 0.224

Configuration:
-------------
{
  "m": 1.0,
  "c": 1.0,
  "k": 5.0,
  "force_type": "none",
  "amplitude": 1.0,
  "freq": 1.0,
  "random_seed": 42,
  "x0": 1.0,
  "v0": 0.0,
  "t_max": 10.0,
  "dt": 0.02,
  "noise_std": 0.05
}

Parameters:
----------
True parameters:      [1.000, 1.000, 5.000]
Estimated parameters: [0.761, 0.170, -2.964]
Parameter errors (%): [23.86, 83.04, 159.27]
Force prediction RMSE: 18.667406

Optimization Information:
----------------------
===============================