
===============================
    Final Summary Report     
===============================
Method: KAN

System Characteristics:
---------------------
Natural Frequency: 0.36 Hz
Damping Ratio: 0.224

Configuration:
-------------
{
  "m": 10.0,
  "c": 10.0,
  "k": 50.0,
  "force_type": "sine",
  "amplitude": 1.0,
  "freq": 1.0,
  "random_seed": 42,
  "x0": 0.0,
  "v0": 0.0,
  "t_max": 10.0,
  "dt": 0.02,
  "noise_std": 0.05
}

Parameters:
----------
True parameters:      [10.000, 10.000, 50.000]
Estimated parameters: [0.000, 0.000, 0.000]
Parameter errors (%): [100.00, 100.00, 100.00]
Force prediction RMSE: 0.000282

Optimization Information:
----------------------
===============================