
===============================
    Final Summary Report     
===============================
Method: KAN

System Characteristics:
---------------------
Natural Frequency: 0.50 Hz
Damping Ratio: 0.016

Configuration:
-------------
{
  "m": 1.0,
  "c": 0.1,
  "k": 10.0,
  "force_type": "sine",
  "amplitude": 1.0,
  "freq": 1.0,
  "random_seed": 42,
  "x0": 0.0,
  "v0": 0.0,
  "t_max": 10.0,
  "dt": 0.02,
  "noise_std": 0.05
}

Parameters:
----------
True parameters:      [1.000, 0.100, 10.000]
Estimated parameters: [0.741, 0.094, 28.077]
Parameter errors (%): [25.88, 6.42, 180.77]
Force prediction RMSE: 0.000534

Optimization Information:
----------------------
===============================