
===============================
    Final Summary Report     
===============================
Method: KAN

System Characteristics:
---------------------
Natural Frequency: 0.50 Hz
Damping Ratio: 0.016

Configuration:
-------------
{
  "m": 1.0,
  "c": 0.1,
  "k": 10.0,
  "force_type": "sine",
  "amplitude": 1.0,
  "freq": 1.0,
  "random_seed": 42,
  "x0": 0.0,
  "v0": 0.0,
  "t_max": 10.0,
  "dt": 0.02,
  "noise_std": 0.05
}

Parameters:
----------
True parameters:      [1.000, 0.100, 10.000]
Estimated parameters: [0.125, 0.090, 10.000]
Parameter errors (%): [87.50, 9.79, 0.00]
Force prediction RMSE: 0.001550

Optimization Information:
----------------------
===============================