
===============================
    Final Summary Report     
===============================
Method: KAN

System Characteristics:
---------------------
Natural Frequency: 0.36 Hz
Damping Ratio: 0.022

Configuration:
-------------
{
  "m": 1.0,
  "c": 0.1,
  "k": 5.0,
  "force_type": "sine",
  "amplitude": 1.0,
  "freq": 0.2,
  "random_seed": 42,
  "x0": 0.0,
  "v0": 0.0,
  "t_max": 20.0,
  "dt": 0.02,
  "noise_std": 0.05
}

Parameters:
----------
True parameters:      [1.000, 0.100, 5.000]
Estimated parameters: [1.209, 0.095, 4.309]
Parameter errors (%): [20.94, 4.78, 13.83]
Force prediction RMSE: 0.001097

Optimization Information:
----------------------
===============================