2025-05-09 11:59:52,623 - INFO - Initialized ModifiedKANExperiment with timestamp 20250509_115952
2025-05-09 11:59:52,623 - INFO - KAN hyperparameters: width=[3, 8, 1], grid=7, k=3
2025-05-09 11:59:52,623 - INFO - Starting KAN experiment
2025-05-09 11:59:52,641 - INFO - Generated data with parameters: m=1.0, c=0.1, k=5.0
2025-05-09 11:59:52,641 - INFO - Data shapes: t=(501,), x=(501,), v=(501,), a=(501,), f=(501,)
2025-05-09 11:59:52,641 - INFO - Data ranges: x=[0.222, 1.000], v=[-0.299, 0.128], a=[-16.128, 16.142], f=[-15.005, 19.955]
2025-05-09 11:59:52,642 - INFO - Using device: cuda
2025-05-09 11:59:52,642 - INFO - Standard deviations: x_std=0.2206, v_std=0.1237, a_std=11.9054, f_std=11.9456
2025-05-09 11:59:52,644 - INFO - Linear regression check: params=[1.  0.1 5. ], R²=1.0000
2025-05-09 11:59:52,644 - INFO - Condition number: 101.04
2025-05-09 11:59:52,644 - INFO - Term contributions: m*a=91.43%, c*v=0.10%, k*x=8.47%
2025-05-09 11:59:52,644 - WARNING - Damping term contributes <10% to force. Damping coefficient estimation may be difficult.
2025-05-09 11:59:52,644 - WARNING - Stiffness term contributes <10% to force. Stiffness estimation may be difficult.
2025-05-09 11:59:52,645 - INFO - Initializing KAN model
2025-05-09 11:59:52,668 - INFO - Training KAN model with LBFGS optimizer
2025-05-09 12:00:41,054 - WARNING - Training history has unexpected format
2025-05-09 12:00:41,056 - WARNING - Unexpected history format: <class 'dict'>
2025-05-09 12:00:41,249 - INFO - Extracted symbolic formula: ([0.040682492173252*x_1 - 0.00416109039643453*x_2 + 1.03755848689598*x_3 - 0.134353177775537], [x_1, x_2, x_3])
2025-05-09 12:00:41,249 - INFO - Starting improved parameter extraction
2025-05-09 12:00:41,255 - INFO - Symbolic formula: ([0.040682492173252*x_1 - 0.00416109039643453*x_2 + 1.03755848689598*x_3 - 0.134353177775537], [x_1, x_2, x_3])
2025-05-09 12:00:41,256 - INFO - Successfully extracted parameters from formula: [1.03755849 0.00416109 0.04068249]
2025-05-09 12:00:41,257 - INFO - Linear regression parameters: [1.  0.1 5. ] (R²=1.0000)
2025-05-09 12:00:41,271 - INFO - KAN probing parameters: [ 1.04105817 -0.4017629   2.2030354 ]
2025-05-09 12:00:41,289 - INFO - Differentiation parameters: [ 1.0375516  -0.00417466  0.04067802]
2025-05-09 12:00:41,289 - INFO - Using symbolic parameters with high weight
2025-05-09 12:00:41,290 - INFO - Final weighted parameters: [1.02664091 0.01       1.74471304] with confidence 0.90
2025-05-09 12:00:41,290 - INFO - Estimated parameters: [1.02664091 0.01       1.74471304] with confidence 0.90
2025-05-09 12:00:41,299 - INFO - Parameter errors: [ 2.66409088 90.         65.10573929]
2025-05-09 12:00:41,299 - INFO - RMSE: 1.926501
2025-05-09 12:00:46,903 - INFO - Model visualization saved to results/kan_modified/20250509_115952/figures/model/kan_structure_20250509_115952.png
2025-05-09 12:00:49,345 - INFO - Results saved to results/kan_modified/20250509_115952/data/experiment_20250509_115952.json and results/kan_modified/20250509_115952/data/time_series_20250509_115952.npz
2025-05-09 12:00:49,346 - INFO - KAN experiment completed successfully
