
===============================
    Final Summary Report     
===============================
Method: KAN

System Characteristics:
---------------------
Natural Frequency: 0.16 Hz
Damping Ratio: 0.010

Configuration:
-------------
{
  "m": 5.0,
  "c": 0.1,
  "k": 5.0,
  "force_type": "sine",
  "amplitude": 1.0,
  "freq": 1.0,
  "random_seed": 42,
  "x0": 0.0,
  "v0": 0.0,
  "t_max": 10.0,
  "dt": 0.02,
  "noise_std": 0.05
}

Parameters:
----------
True parameters:      [5.000, 0.100, 5.000]
Estimated parameters: [0.588, 0.265, 5.000]
Parameter errors (%): [88.24, 164.63, 0.00]
Force prediction RMSE: 0.066751

Optimization Information:
----------------------
===============================