
===============================
    Final Summary Report     
===============================
Method: MLP

System Characteristics:
---------------------
Natural Frequency: 1.59 Hz
Damping Ratio: 0.050

Configuration:
-------------
{
  "m": 1.0,
  "c": 1.0,
  "k": 100.0,
  "force_type": "sine",
  "amplitude": 1.0,
  "freq": 1.0,
  "random_seed": 42,
  "x0": 0.0,
  "v0": 0.0,
  "t_max": 10.0,
  "dt": 0.02,
  "noise_std": 0.05
}

Parameters:
----------
True parameters:      [1.000, 1.000, 100.000]
Estimated parameters: [0.175, 0.000, 0.095]
Parameter errors (%): [82.51, 100.00, 99.90]
Force prediction RMSE: 0.275741

Optimization Information:
----------------------
Optimization Success: True
Message: MLP training and SINDy parameter estimation completed
===============================