
===============================
    Final Summary Report     
===============================
Method: KAN

System Characteristics:
---------------------
Natural Frequency: 0.36 Hz
Damping Ratio: 0.022

Configuration:
-------------
{
  "m": 1.0,
  "c": 0.1,
  "k": 5.0,
  "force_type": "sine",
  "amplitude": 1.0,
  "freq": 0.2,
  "random_seed": 42,
  "x0": 0.0,
  "v0": 0.0,
  "t_max": 20.0,
  "dt": 0.02,
  "noise_std": 0.05
}

Parameters:
----------
True parameters:      [1.000, 0.100, 5.000]
Estimated parameters: [1.008, 0.022, 3.903]
Parameter errors (%): [0.84, 77.59, 21.94]
Force prediction RMSE: 0.011512

Optimization Information:
----------------------
===============================