
===============================
    Final Summary Report     
===============================
Method: KAN

System Characteristics:
---------------------
Natural Frequency: 0.16 Hz
Damping Ratio: 0.050

Configuration:
-------------
{
  "m": 1.0,
  "c": 0.1,
  "k": 1.0,
  "force_type": "sine",
  "amplitude": 1.0,
  "freq": 1.0,
  "random_seed": 42,
  "x0": 0.0,
  "v0": 0.0,
  "t_max": 10.0,
  "dt": 0.02,
  "noise_std": 0.05
}

Parameters:
----------
True parameters:      [1.000, 0.100, 1.000]
Estimated parameters: [0.010, 0.077, 1.000]
Parameter errors (%): [99.00, 23.00, 0.00]
Force prediction RMSE: 0.002120

Optimization Information:
----------------------
===============================