
===============================
    Final Summary Report     
===============================
Method: KAN

System Characteristics:
---------------------
Natural Frequency: 0.50 Hz
Damping Ratio: 0.032

Configuration:
-------------
{
  "m": 0.5,
  "c": 0.1,
  "k": 5.0,
  "force_type": "sine",
  "amplitude": 1.0,
  "freq": 1.0,
  "random_seed": 42,
  "x0": 0.0,
  "v0": 0.0,
  "t_max": 10.0,
  "dt": 0.02,
  "noise_std": 0.05
}

Parameters:
----------
True parameters:      [0.500, 0.100, 5.000]
Estimated parameters: [0.371, 0.097, 14.001]
Parameter errors (%): [25.83, 2.60, 180.02]
Force prediction RMSE: 0.000392

Optimization Information:
----------------------
===============================