
===============================
    Final Summary Report     
===============================
Method: KAN

System Characteristics:
---------------------
Natural Frequency: 0.36 Hz
Damping Ratio: 0.224

Configuration:
-------------
{
  "m": 1.0,
  "c": 1.0,
  "k": 5.0,
  "force_type": "random",
  "amplitude": 1.0,
  "freq": 1.0,
  "random_seed": 42,
  "x0": 0.0,
  "v0": 0.0,
  "t_max": 10.0,
  "dt": 0.02,
  "noise_std": 0.05
}

Parameters:
----------
True parameters:      [1.000, 1.000, 5.000]
Estimated parameters: [0.890, 0.752, -0.692]
Parameter errors (%): [10.99, 24.80, 113.84]
Force prediction RMSE: 1.337998

Optimization Information:
----------------------
===============================