
===============================
    Final Summary Report     
===============================
Method: KAN

System Characteristics:
---------------------
Natural Frequency: 0.16 Hz
Damping Ratio: 0.500

Configuration:
-------------
{
  "m": 10.0,
  "c": 10.0,
  "k": 10.0,
  "force_type": "none",
  "amplitude": 1.0,
  "freq": 1.0,
  "random_seed": 42,
  "x0": 1.0,
  "v0": 0.0,
  "t_max": 10.0,
  "dt": 0.02,
  "noise_std": 0.05
}

Parameters:
----------
True parameters:      [10.000, 10.000, 10.000]
Estimated parameters: [4.431, 47.802, -1579.086]
Parameter errors (%): [55.69, 378.02, 15890.86]
Force prediction RMSE: 464.254271

Optimization Information:
----------------------
===============================