
===============================
    Final Summary Report     
===============================
Method: MLP

System Characteristics:
---------------------
Natural Frequency: 1.13 Hz
Damping Ratio: 0.007

Configuration:
-------------
{
  "m": 1.0,
  "c": 0.1,
  "k": 50.0,
  "force_type": "sine",
  "amplitude": 1.0,
  "freq": 1.0,
  "random_seed": 42,
  "x0": 0.0,
  "v0": 0.0,
  "t_max": 10.0,
  "dt": 0.02,
  "noise_std": 0.05
}

Parameters:
----------
True parameters:      [1.000, 0.100, 50.000]
Estimated parameters: [0.086, 0.000, 0.000]
Parameter errors (%): [91.37, 100.00, 100.00]
Force prediction RMSE: 0.123317

Optimization Information:
----------------------
Optimization Success: True
Message: MLP training and SINDy parameter estimation completed
===============================